
Showing logs for build [32mcb-kubecd-environment-pr-177-60-xfnfn-1[0m stage [32mfrom-build-pack[0m and container [32mstep-credential-initializer-tnd6f[0m
{"level":"warn","ts":1583651532.3907008,"logger":"fallback-logger","caller":"logging/config.go:69","msg":"Fetch GitHub commit ID from kodata failed: \"ref: refs/heads/0.8.0-**-support-backwards-incompats\" is not a valid GitHub commit ID"}
{"level":"info","ts":1583651532.391403,"logger":"fallback-logger","caller":"creds-init/main.go:40","msg":"Credentials initialized."}

Showing logs for build [32mcb-kubecd-environment-pr-177-60-xfnfn-1[0m stage [32mfrom-build-pack[0m and container [32mstep-working-dir-initializer-867fn[0m
{"level":"warn","ts":1583651532.8729649,"logger":"fallback-logger","caller":"logging/config.go:69","msg":"Fetch GitHub commit ID from kodata failed: open /var/run/ko/HEAD: no such file or directory"}
{"level":"info","ts":1583651532.8748071,"logger":"fallback-logger","caller":"bash/main.go:64","msg":"Successfully executed command \"sh -c mkdir -p /workspace/source\"; output "}

Showing logs for build [32mcb-kubecd-environment-pr-177-60-xfnfn-1[0m stage [32mfrom-build-pack[0m and container [32mstep-place-tools[0m

Showing logs for build [32mcb-kubecd-environment-pr-177-60-xfnfn-1[0m stage [32mfrom-build-pack[0m and container [32mstep-git-source-cb-kubecd-environment-pr-177-60-xfnfn-npdhw[0m
{"level":"warn","ts":1583651536.9603486,"logger":"fallback-logger","caller":"logging/config.go:69","msg":"Fetch GitHub commit ID from kodata failed: \"ref: refs/heads/0.8.0-**-support-backwards-incompats\" is not a valid GitHub commit ID"}
{"level":"info","ts":1583651537.9886298,"logger":"fallback-logger","caller":"git/git.go:103","msg":"Successfully cloned https://github.com/cb-kubecd/environment-pr-177-60-gke-upgrade-production.git @ master in path /workspace/source"}

Showing logs for build [32mcb-kubecd-environment-pr-177-60-xfnfn-1[0m stage [32mfrom-build-pack[0m and container [32mstep-git-merge[0m
Using SHAs from PULL_REFS=master:dffb4a8caccc5c4e56dfa4aed89fea4472bfb01b,1:b1f5af9203f319e54683737ea967d1f8160bde66
DEBUG: LC_ALL=C JX_LOG_LEVEL=error git fetch origin --unshallow b1f5af9203f319e54683737ea967d1f8160bde66: dffb4a8caccc5c4e56dfa4aed89fea4472bfb01b:
DEBUG: ran git fetch --unshallow origin b1f5af9203f319e54683737ea967d1f8160bde66: dffb4a8caccc5c4e56dfa4aed89fea4472bfb01b: in 
DEBUG: LC_ALL=C JX_LOG_LEVEL=error git branch
DEBUG: LC_ALL=C JX_LOG_LEVEL=error git checkout master
DEBUG: ran git checkout master in 
DEBUG: LC_ALL=C JX_LOG_LEVEL=error git reset --hard dffb4a8caccc5c4e56dfa4aed89fea4472bfb01b
DEBUG: ran git reset --hard dffb4a8caccc5c4e56dfa4aed89fea4472bfb01b in 
DEBUG: LC_ALL=C JX_LOG_LEVEL=error git clean -fd .
DEBUG: ran clean --force -d . in 
DEBUG: JX_LOG_LEVEL=error LC_ALL=C git merge b1f5af9203f319e54683737ea967d1f8160bde66
DEBUG: ran git merge b1f5af9203f319e54683737ea967d1f8160bde66 in 
DEBUG: LC_ALL=C JX_LOG_LEVEL=error git log --format=%H%x1f%an%x1f%ae%x1f%cn%x1f%ce%x1f%s%n%b%x1e dffb4a8caccc5c4e56dfa4aed89fea4472bfb01b..HEAD
Merged SHA b1f5af9203f319e54683737ea967d1f8160bde66 with commit message 'chore: Promote bdd-spring-1583650229 to version 0.0.1' into base branch master

Showing logs for build [32mcb-kubecd-environment-pr-177-60-xfnfn-1[0m stage [32mfrom-build-pack[0m and container [32mstep-build-helm-build[0m
WARNING: No $CHART_REPOSITORY defined so using the default value of: http://jenkins-x-chartmuseum:8080
Adding missing Helm repo: storage.googleapis.com https://storage.googleapis.com/chartmuseum.jenkins-x.io
WARNING: No secrets found on "helm/repos" due: reading the secret "helm/repos" from vault: no secret "helm/repos" not found in vault
Read credentials for https://storage.googleapis.com/chartmuseum.jenkins-x.io from vault helm/repos
Successfully added Helm repository storage.googleapis.com.
Adding missing Helm repo: jenkins-x-chartmuseum http://jenkins-x-chartmuseum:8080
WARNING: No secrets found on "helm/repos" due: reading the secret "helm/repos" from vault: no secret "helm/repos" not found in vault
Read credentials for http://jenkins-x-chartmuseum:8080 from vault helm/repos
Successfully added Helm repository jenkins-x-chartmuseum.
WARNING: No $CHART_REPOSITORY defined so using the default value of: http://jenkins-x-chartmuseum:8080
Adding missing Helm repo: chartmuseum.jenkins-x.io http://chartmuseum.jenkins-x.io
WARNING: No secrets found on "helm/repos" due: reading the secret "helm/repos" from vault: no secret "helm/repos" not found in vault
Read credentials for http://chartmuseum.jenkins-x.io from vault helm/repos
Successfully added Helm repository chartmuseum.jenkins-x.io.
